2024-07-04 11:48:55,355 [INFO] Activator:176 - 


2024-07-04 11:48:55,365 [INFO] Activator:177 - !SESSION log4j initialized
2024-07-04 11:49:04,660 [INFO] LogOutputStream:77 - [STDOUT_REDIRECT] 
2024-07-04 11:49:06,789 [INFO] ApplicationProperties:184 - Using Application install path: /opt/st/stm32cubeide_1.13.2_2/plugins/com.st.stm32cube.common.mx_6.9.2.202309101412
2024-07-04 11:49:06,866 [INFO] DbMcusXml:78 - Set database path to: /opt/st/stm32cubeide_1.13.2_2/plugins/com.st.stm32cube.common.mx_6.9.2.202309101412//db//mcu/
2024-07-04 11:49:06,868 [INFO] ApiDb:274 - Set plugin database path to: /opt/st/stm32cubeide_1.13.2_2/plugins/com.st.stm32cube.common.mx_6.9.2.202309101412//db//plugins/boardmanager/
2024-07-04 11:49:06,869 [WARN] ApiDb:259 - Overriding images path with different value:  => /opt/st/stm32cubeide_1.13.2_2/plugins/com.st.stm32cube.common.mx_6.9.2.202309101412//db//plugins/mcufinder/images/
2024-07-04 11:49:06,911 [INFO] ApiDb:250 - Set database path to: /home/dnk121/.stmcufinder/plugins/mcufinder//mcu/
2024-07-04 11:49:06,914 [INFO] DbMcusAds:125 - Set database path to: /home/dnk121/.stmcufinder/plugins/mcufinder//mcu/
2024-07-04 11:49:06,929 [INFO] CrossReferenceDbSqlite:203 - Set database path to: /home/dnk121/.stmcufinder/plugins/mcufinder//mcu/cs/
2024-07-04 11:49:07,277 [INFO] RulesReader:64 - Compatibility file has been processed (293 Rules)
2024-07-04 11:49:07,529 [INFO] DbMcusXml:78 - Set database path to: /opt/st/stm32cubeide_1.13.2_2/plugins/com.st.stm32cube.common.mx_6.9.2.202309101412//db//mcu/
2024-07-04 11:49:07,529 [INFO] ApiDb:274 - Set plugin database path to: /opt/st/stm32cubeide_1.13.2_2/plugins/com.st.stm32cube.common.mx_6.9.2.202309101412//db//plugins/boardmanager/
2024-07-04 11:49:07,530 [INFO] ApiDb:261 - Set plugin images path to: /opt/st/stm32cubeide_1.13.2_2/plugins/com.st.stm32cube.common.mx_6.9.2.202309101412//db//plugins/mcufinder/images/
2024-07-04 11:49:07,530 [WARN] DbFile:41 - Overriding database path with different value: /home/dnk121/.stmcufinder/plugins/mcufinder/ => /home/dnk121/.stmcufinder/plugins/mcufinder
2024-07-04 11:49:07,530 [INFO] ApiDb:250 - Set database path to: /home/dnk121/.stmcufinder/plugins/mcufinder//mcu/
2024-07-04 11:49:07,530 [WARN] DbFile:41 - Overriding database path with different value: /home/dnk121/.stmcufinder/plugins/mcufinder/ => /home/dnk121/.stmcufinder/plugins/mcufinder
2024-07-04 11:49:07,531 [INFO] DbMcusAds:125 - Set database path to: /home/dnk121/.stmcufinder/plugins/mcufinder//mcu/
2024-07-04 11:49:07,531 [WARN] DbFile:41 - Overriding database path with different value: /home/dnk121/.stmcufinder/plugins/mcufinder/ => /home/dnk121/.stmcufinder/plugins/mcufinder
2024-07-04 11:49:07,531 [WARN] DbFile:41 - Overriding database path with different value: /home/dnk121/.stmcufinder/plugins/mcufinder/ => /home/dnk121/.stmcufinder/plugins/mcufinder
2024-07-04 11:49:07,531 [INFO] CrossReferenceDbSqlite:203 - Set database path to: /home/dnk121/.stmcufinder/plugins/mcufinder//mcu/cs/
2024-07-04 11:49:07,737 [INFO] MainPanel:262 - HeapMemory: 268435456
2024-07-04 11:49:07,977 [INFO] DbMcusXml:78 - Set database path to: /opt/st/stm32cubeide_1.13.2_2/plugins/com.st.stm32cube.common.mx_6.9.2.202309101412//db//mcu/
2024-07-04 11:49:07,978 [INFO] ApiDb:274 - Set plugin database path to: /opt/st/stm32cubeide_1.13.2_2/plugins/com.st.stm32cube.common.mx_6.9.2.202309101412//db//plugins/boardmanager/
2024-07-04 11:49:07,978 [INFO] ApiDb:261 - Set plugin images path to: /opt/st/stm32cubeide_1.13.2_2/plugins/com.st.stm32cube.common.mx_6.9.2.202309101412//db//plugins/mcufinder/images/
2024-07-04 11:49:07,979 [WARN] DbFile:41 - Overriding database path with different value: /home/dnk121/.stmcufinder/plugins/mcufinder/ => /home/dnk121/.stmcufinder/plugins/mcufinder
2024-07-04 11:49:07,979 [INFO] ApiDb:250 - Set database path to: /home/dnk121/.stmcufinder/plugins/mcufinder//mcu/
2024-07-04 11:49:07,979 [WARN] DbFile:41 - Overriding database path with different value: /home/dnk121/.stmcufinder/plugins/mcufinder/ => /home/dnk121/.stmcufinder/plugins/mcufinder
2024-07-04 11:49:07,980 [INFO] DbMcusAds:125 - Set database path to: /home/dnk121/.stmcufinder/plugins/mcufinder//mcu/
2024-07-04 11:49:07,980 [WARN] DbFile:41 - Overriding database path with different value: /home/dnk121/.stmcufinder/plugins/mcufinder/ => /home/dnk121/.stmcufinder/plugins/mcufinder
2024-07-04 11:49:07,980 [WARN] DbFile:41 - Overriding database path with different value: /home/dnk121/.stmcufinder/plugins/mcufinder/ => /home/dnk121/.stmcufinder/plugins/mcufinder
2024-07-04 11:49:07,980 [INFO] CrossReferenceDbSqlite:203 - Set database path to: /home/dnk121/.stmcufinder/plugins/mcufinder//mcu/cs/
2024-07-04 11:49:08,013 [INFO] ApplicationProperties:184 - Using Application install path: /opt/st/stm32cubeide_1.13.2_2/plugins/com.st.stm32cube.common.mx_6.9.2.202309101412
2024-07-04 11:49:08,015 [INFO] PluginManage:196 - Search for loadable plugins [exclusion list=, ]
2024-07-04 11:49:08,018 [INFO] PluginManage:310 - Check plugin analytics
2024-07-04 11:49:08,517 [INFO] AnalyticsPlugin:253 - Accepted Software Licenses: 
2024-07-04 11:49:08,517 [INFO] AnalyticsPlugin:255 - Accepted CMSIS Pack Licenses: 
2024-07-04 11:49:08,518 [INFO] AnalyticsPlugin:257 - Accepted Firmware Licenses: FW.L4.1.18.0
2024-07-04 11:49:08,525 [INFO] PluginManage:359 - Loaded plugin analytics (category:tool,tabindex:-1)
2024-07-04 11:49:08,526 [INFO] PluginManage:310 - Check plugin cadmodel
2024-07-04 11:49:08,619 [INFO] CADModel:105 - Init CAD model plugin
2024-07-04 11:49:08,619 [INFO] PluginManage:359 - Loaded plugin cadmodel (category:power,tabindex:5)
2024-07-04 11:49:08,620 [INFO] PluginManage:310 - Check plugin clock
2024-07-04 11:49:08,642 [INFO] PluginManage:359 - Loaded plugin clock (category:base,tabindex:2)
2024-07-04 11:49:08,643 [INFO] PluginManage:310 - Check plugin ddr
2024-07-04 11:49:08,660 [INFO] PluginManage:359 - Loaded plugin ddr (category:tool,tabindex:6)
2024-07-04 11:49:08,661 [INFO] PluginManage:310 - Check plugin filemanager
2024-07-04 11:49:08,996 [INFO] PluginManage:359 - Loaded plugin filemanager (category:base,tabindex:10)
2024-07-04 11:49:08,996 [INFO] PluginManage:310 - Check plugin ipmanager
2024-07-04 11:49:09,022 [INFO] PluginManage:359 - Loaded plugin ipmanager (category:base,tabindex:5)
2024-07-04 11:49:09,023 [INFO] PluginManage:310 - Check plugin lpbam
2024-07-04 11:49:09,051 [INFO] PluginManage:359 - Loaded plugin lpbam (category:base,tabindex:0)
2024-07-04 11:49:09,052 [INFO] PluginManage:310 - Check plugin memorymap
2024-07-04 11:49:09,082 [INFO] PluginManage:359 - Loaded plugin memorymap (category:base,tabindex:4)
2024-07-04 11:49:09,083 [INFO] PluginManage:310 - Check plugin pinoutandconfiguration
2024-07-04 11:49:09,101 [INFO] PluginManage:359 - Loaded plugin pinoutandconfiguration (category:base,tabindex:1)
2024-07-04 11:49:09,101 [INFO] PluginManage:310 - Check plugin pinoutconfig
2024-07-04 11:49:09,360 [WARN] SupportedApi:132 - Cannot load RTOS API schema: s4s-elt-must-match.1: The content of 'definitions' must match (annotation?, (simpleType | complexType)?, (unique | key | keyref)*)). A problem was found starting at: attribute.
2024-07-04 11:49:09,636 [INFO] PluginManage:359 - Loaded plugin pinoutconfig (category:base,tabindex:0)
2024-07-04 11:49:09,636 [INFO] PluginManage:310 - Check plugin power
2024-07-04 11:49:09,664 [INFO] PluginManage:359 - Loaded plugin power (category:power,tabindex:4)
2024-07-04 11:49:09,664 [INFO] PluginManage:310 - Check plugin projectmanager
2024-07-04 11:49:09,693 [INFO] PluginManage:359 - Loaded plugin projectmanager (category:projectmanager,tabindex:3)
2024-07-04 11:49:09,693 [INFO] PluginManage:310 - Check plugin thirdparty
2024-07-04 11:49:09,980 [INFO] PluginManage:359 - Loaded plugin thirdparty (category:base,tabindex:-1)
2024-07-04 11:49:09,981 [INFO] PluginManage:310 - Check plugin tools
2024-07-04 11:49:09,982 [WARN] IntegrityCheckThread:84 - waiting for thirdparty lock release [integrity check]
2024-07-04 11:49:09,989 [INFO] PluginManage:359 - Loaded plugin tools (category:base,tabindex:7)
2024-07-04 11:49:10,001 [INFO] PluginManage:310 - Check plugin tutovideos
2024-07-04 11:49:10,001 [INFO] IntegrityCheckThread:86 - entering critical section [integrity check]
2024-07-04 11:49:10,003 [INFO] ThirdPartyUpdaterWithRetryManager:70 - Updater plugin not ready yet. [1/15]
2024-07-04 11:49:10,474 [INFO] PluginManage:359 - Loaded plugin tutovideos (category:base,tabindex:-1)
2024-07-04 11:49:10,474 [INFO] PluginManage:310 - Check plugin updater
2024-07-04 11:49:10,510 [INFO] PluginManage:359 - Loaded plugin updater (category:base,tabindex:12)
2024-07-04 11:49:10,511 [INFO] PluginManage:310 - Check plugin userauth
2024-07-04 11:49:10,527 [INFO] UserAuth:113 - Init User Auth plugin
2024-07-04 11:49:10,527 [INFO] PluginManage:359 - Loaded plugin userauth (category:base,tabindex:14)
2024-07-04 11:49:10,531 [INFO] PluginManage:283 - PluginManage : Loaded plugins [17]
2024-07-04 11:49:11,332 [INFO] PinOutPanel:1499 - setPackage(No Configuration,No Configuration)
2024-07-04 11:49:11,493 [INFO] CADModel:165 - CPN selected for project level
2024-07-04 11:49:11,493 [INFO] CADModel:114 - Register for checkConnection events
2024-07-04 11:49:11,517 [INFO] IPUIPlugin:80 - create IPUIPlugin
2024-07-04 11:49:11,517 [INFO] PluginManager:220 - loadIPPluginJar : add linkedlist
2024-07-04 11:49:11,531 [INFO] IPUIPlugin:80 - create IPUIPlugin
2024-07-04 11:49:11,532 [INFO] PluginManager:220 - loadIPPluginJar : add pdm2pcm
2024-07-04 11:49:11,535 [INFO] IPUIPlugin:80 - create IPUIPlugin
2024-07-04 11:49:11,536 [INFO] PluginManager:220 - loadIPPluginJar : add tim
2024-07-04 11:49:11,540 [INFO] IPUIPlugin:80 - create IPUIPlugin
2024-07-04 11:49:11,540 [INFO] PluginManager:220 - loadIPPluginJar : add tracer_emb
2024-07-04 11:49:11,544 [INFO] IPUIPlugin:80 - create IPUIPlugin
2024-07-04 11:49:11,544 [INFO] PluginManager:220 - loadIPPluginJar : add ucpd
2024-07-04 11:49:11,549 [INFO] IPUIPlugin:80 - create IPUIPlugin
2024-07-04 11:49:11,549 [INFO] PluginManager:220 - loadIPPluginJar : add dfsdm
2024-07-04 11:49:11,554 [INFO] IPUIPlugin:80 - create IPUIPlugin
2024-07-04 11:49:11,555 [INFO] PluginManager:220 - loadIPPluginJar : add i2s
2024-07-04 11:49:11,567 [INFO] IPUIPlugin:80 - create IPUIPlugin
2024-07-04 11:49:11,567 [INFO] PluginManager:220 - loadIPPluginJar : add fmc
2024-07-04 11:49:11,570 [INFO] IPUIPlugin:80 - create IPUIPlugin
2024-07-04 11:49:11,570 [INFO] PluginManager:220 - loadIPPluginJar : add ltdc
2024-07-04 11:49:11,575 [INFO] IPUIPlugin:80 - create IPUIPlugin
2024-07-04 11:49:11,575 [INFO] PluginManager:220 - loadIPPluginJar : add cryp
2024-07-04 11:49:11,578 [INFO] IPUIPlugin:80 - create IPUIPlugin
2024-07-04 11:49:11,579 [INFO] PluginManager:220 - loadIPPluginJar : add quadspi
2024-07-04 11:49:11,611 [INFO] IPUIPlugin:80 - create IPUIPlugin
2024-07-04 11:49:11,612 [INFO] PluginManager:220 - loadIPPluginJar : add nvic
2024-07-04 11:49:11,623 [INFO] IPUIPlugin:80 - create IPUIPlugin
2024-07-04 11:49:11,623 [INFO] PluginManager:220 - loadIPPluginJar : add gtzc
2024-07-04 11:49:11,635 [INFO] IPUIPlugin:80 - create IPUIPlugin
2024-07-04 11:49:11,636 [INFO] PluginManager:220 - loadIPPluginJar : add dma
2024-07-04 11:49:11,650 [INFO] IPUIPlugin:80 - create IPUIPlugin
2024-07-04 11:49:11,650 [INFO] PluginManager:220 - loadIPPluginJar : add gic
2024-07-04 11:49:11,678 [INFO] IPUIPlugin:80 - create IPUIPlugin
2024-07-04 11:49:11,680 [INFO] PluginManager:220 - loadIPPluginJar : add stm32_wpan
2024-07-04 11:49:11,686 [INFO] IPUIPlugin:80 - create IPUIPlugin
2024-07-04 11:49:11,687 [INFO] PluginManager:220 - loadIPPluginJar : add usbx
2024-07-04 11:49:11,692 [INFO] IPUIPlugin:80 - create IPUIPlugin
2024-07-04 11:49:11,693 [INFO] PluginManager:220 - loadIPPluginJar : add lorawan
2024-07-04 11:49:11,697 [INFO] IPUIPlugin:80 - create IPUIPlugin
2024-07-04 11:49:11,699 [INFO] PluginManager:220 - loadIPPluginJar : add spi
2024-07-04 11:49:11,704 [INFO] IPUIPlugin:80 - create IPUIPlugin
2024-07-04 11:49:11,705 [INFO] PluginManager:220 - loadIPPluginJar : add i2c
2024-07-04 11:49:11,707 [INFO] IPUIPlugin:80 - create IPUIPlugin
2024-07-04 11:49:11,708 [INFO] PluginManager:220 - loadIPPluginJar : add comp
2024-07-04 11:49:11,712 [INFO] IPUIPlugin:80 - create IPUIPlugin
2024-07-04 11:49:11,713 [INFO] PluginManager:220 - loadIPPluginJar : add hash
2024-07-04 11:49:11,721 [INFO] IPUIPlugin:80 - create IPUIPlugin
2024-07-04 11:49:11,721 [INFO] PluginManager:220 - loadIPPluginJar : add gpio
2024-07-04 11:49:11,728 [INFO] IPUIPlugin:80 - create IPUIPlugin
2024-07-04 11:49:11,728 [INFO] PluginManager:220 - loadIPPluginJar : add sai
2024-07-04 11:49:11,733 [INFO] IPUIPlugin:80 - create IPUIPlugin
2024-07-04 11:49:11,734 [INFO] PluginManager:220 - loadIPPluginJar : add can
2024-07-04 11:49:11,745 [INFO] IPUIPlugin:80 - create IPUIPlugin
2024-07-04 11:49:11,746 [INFO] PluginManager:220 - loadIPPluginJar : add adc
2024-07-04 11:49:11,749 [INFO] IPUIPlugin:80 - create IPUIPlugin
2024-07-04 11:49:11,750 [INFO] PluginManager:220 - loadIPPluginJar : add ts
2024-07-04 11:49:11,761 [INFO] IPUIPlugin:80 - create IPUIPlugin
2024-07-04 11:49:11,761 [INFO] PluginManager:220 - loadIPPluginJar : add mdma
2024-07-04 11:49:11,766 [INFO] IPUIPlugin:80 - create IPUIPlugin
2024-07-04 11:49:11,766 [INFO] PluginManager:220 - loadIPPluginJar : add aes
2024-07-04 11:49:11,772 [INFO] IPUIPlugin:80 - create IPUIPlugin
2024-07-04 11:49:11,772 [INFO] PluginManager:220 - loadIPPluginJar : add i3c
2024-07-04 11:49:11,775 [INFO] IPUIPlugin:80 - create IPUIPlugin
2024-07-04 11:49:11,775 [INFO] PluginManager:220 - loadIPPluginJar : add fatfs
2024-07-04 11:49:11,780 [INFO] IPUIPlugin:80 - create IPUIPlugin
2024-07-04 11:49:11,781 [INFO] PluginManager:220 - loadIPPluginJar : add openamp
2024-07-04 11:49:11,785 [INFO] IPUIPlugin:80 - create IPUIPlugin
2024-07-04 11:49:11,786 [INFO] PluginManager:220 - loadIPPluginJar : add gfxmmu
2024-07-04 11:49:11,799 [INFO] IPUIPlugin:80 - create IPUIPlugin
2024-07-04 11:49:11,800 [INFO] PluginManager:220 - loadIPPluginJar : add freertos
2024-07-04 11:49:11,807 [INFO] IPUIPlugin:80 - create IPUIPlugin
2024-07-04 11:49:11,808 [INFO] PluginManager:220 - loadIPPluginJar : add resmgrutility
2024-07-04 11:49:11,813 [INFO] IPUIPlugin:80 - create IPUIPlugin
2024-07-04 11:49:11,813 [INFO] PluginManager:220 - loadIPPluginJar : add usart
2024-07-04 11:49:11,819 [INFO] IPUIPlugin:80 - create IPUIPlugin
2024-07-04 11:49:11,820 [INFO] PluginManager:220 - loadIPPluginJar : add ipddr
2024-07-04 11:49:11,833 [INFO] IPUIPlugin:80 - create IPUIPlugin
2024-07-04 11:49:11,839 [INFO] PluginManager:220 - loadIPPluginJar : add plateformsettings
2024-07-04 11:49:11,843 [INFO] IPUIPlugin:80 - create IPUIPlugin
2024-07-04 11:49:11,843 [INFO] PluginManager:220 - loadIPPluginJar : add tsc
2024-07-04 11:49:11,846 [INFO] IPUIPlugin:80 - create IPUIPlugin
2024-07-04 11:49:11,847 [INFO] PluginManager:220 - loadIPPluginJar : add genericplugin
2024-07-04 11:49:11,852 [INFO] IPUIPlugin:80 - create IPUIPlugin
2024-07-04 11:49:11,852 [INFO] PluginManager:220 - loadIPPluginJar : add opamp
2024-07-04 11:49:11,857 [INFO] IPUIPlugin:80 - create IPUIPlugin
2024-07-04 11:49:11,858 [INFO] PluginManager:220 - loadIPPluginJar : add dma3
2024-07-04 11:49:11,865 [INFO] IPUIPlugin:80 - create IPUIPlugin
2024-07-04 11:49:11,865 [INFO] PluginManager:220 - loadIPPluginJar : add touchsensing
2024-07-04 11:49:11,999 [INFO] CADModel:165 - CPN selected for project level
2024-07-04 11:49:12,000 [INFO] CADModel:114 - Register for checkConnection events
2024-07-04 11:49:12,000 [FATAL] Updater:308 - Updater called before beeing initialized
2024-07-04 11:49:12,001 [ERROR] CADModel:125 - Updater not yet initialized, retry later 
2024-07-04 11:49:12,283 [INFO] CADModel:165 - CPN selected for project level
2024-07-04 11:49:12,284 [INFO] CADModel:114 - Register for checkConnection events
2024-07-04 11:49:12,284 [FATAL] Updater:308 - Updater called before beeing initialized
2024-07-04 11:49:12,284 [ERROR] CADModel:125 - Updater not yet initialized, retry later 
2024-07-04 11:49:12,290 [FATAL] Updater:308 - Updater called before beeing initialized
2024-07-04 11:49:12,571 [FATAL] Updater:308 - Updater called before beeing initialized
2024-07-04 11:49:12,580 [INFO] DbMcusAds:53 - JSON generation date=Thu May 16 14:52:00 IST 2024 (1715851320852)
2024-07-04 11:49:12,580 [FATAL] Updater:308 - Updater called before beeing initialized
2024-07-04 11:49:12,646 [WARN] DetailPanel:346 - Failed to get advertising image, set to default
2024-07-04 11:49:12,822 [FATAL] Updater:308 - Updater called before beeing initialized
2024-07-04 11:49:12,829 [FATAL] Updater:308 - Updater called before beeing initialized
2024-07-04 11:49:12,829 [FATAL] Updater:308 - Updater called before beeing initialized
2024-07-04 11:49:12,829 [WARN] DetailPanel:346 - Failed to get advertising image, set to default
2024-07-04 11:49:12,836 [FATAL] Updater:308 - Updater called before beeing initialized
2024-07-04 11:49:12,919 [ERROR] Updater:1120 - MainUpdater not yet initialized. External WinMGr cannot be set.
2024-07-04 11:49:12,923 [INFO] Updater:1056 - Updater Version found : 6.9.2
2024-07-04 11:49:12,958 [INFO] ApplicationProperties:184 - Using Application install path: /opt/st/stm32cubeide_1.13.2_2/plugins/com.st.stm32cube.common.mx_6.9.2.202309101412
2024-07-04 11:49:13,003 [INFO] ThirdPartyUpdaterWithRetryManager:70 - Updater plugin not ready yet. [2/15]
2024-07-04 11:49:13,466 [INFO] MainUpdater:2868 - connection check result : 10
2024-07-04 11:49:13,467 [INFO] MainUpdater:3562 - Updater definition file requires update
2024-07-04 11:49:13,468 [INFO] MainUpdater:285 - Updater Check For Update Now.
2024-07-04 11:49:13,469 [INFO] MicroXplorer:498 - Change Database Version : DB.6.0.92
2024-07-04 11:49:13,480 [INFO] McuFinderGlobals:63 - Set McuFinder mode to 2 (CubeIDE integrated)
2024-07-04 11:49:13,575 [INFO] ServerAccessManage:473 - Download File updaters.zip
2024-07-04 11:49:14,105 [INFO] FileExtend:240 - Unzip File : updaters.zip
2024-07-04 11:49:14,105 [INFO] FileExtend:255 - Standard Zip Deflate
2024-07-04 11:49:14,472 [INFO] ServerAccessManage:473 - Download File PacksControlFlags.xml
2024-07-04 11:49:14,776 [INFO] ServerAccessManage:473 - Download File cubemx.pidx
2024-07-04 11:49:16,004 [WARN] MainUpdater:1189 - Updater busy. Cannot search thirdparties
2024-07-04 11:49:16,005 [INFO] ThirdPartyUpdaterWithRetryManager:96 - Updater plugin is busy. [1/15]
2024-07-04 11:49:16,165 [INFO] ServerAccessManage:473 - Download File STMicroelectronics.X-CUBE-DPOWER.pdsc
2024-07-04 11:49:17,356 [ERROR] ServerAccessManage:1089 - Problem, file not found on Server
2024-07-04 11:49:18,483 [ERROR] ServerAccessManage:1089 - Problem, file not found on Server
2024-07-04 11:49:19,006 [WARN] MainUpdater:1189 - Updater busy. Cannot search thirdparties
2024-07-04 11:49:19,006 [INFO] ThirdPartyUpdaterWithRetryManager:96 - Updater plugin is busy. [2/15]
2024-07-04 11:49:19,726 [ERROR] ServerAccessManage:1089 - Problem, file not found on Server
2024-07-04 11:49:21,056 [ERROR] ServerAccessManage:1089 - Problem, file not found on Server
2024-07-04 11:49:22,007 [WARN] MainUpdater:1189 - Updater busy. Cannot search thirdparties
2024-07-04 11:49:22,007 [INFO] ThirdPartyUpdaterWithRetryManager:96 - Updater plugin is busy. [3/15]
2024-07-04 11:49:22,635 [ERROR] ServerAccessManage:1089 - Problem, file not found on Server
2024-07-04 11:49:23,059 [ERROR] ServerAccessManage:1089 - Problem, file not found on Server
2024-07-04 11:49:24,261 [ERROR] ServerAccessManage:1089 - Problem, file not found on Server
2024-07-04 11:49:24,713 [ERROR] ServerAccessManage:1089 - Problem, file not found on Server
2024-07-04 11:49:25,010 [WARN] MainUpdater:1189 - Updater busy. Cannot search thirdparties
2024-07-04 11:49:25,010 [INFO] ThirdPartyUpdaterWithRetryManager:96 - Updater plugin is busy. [4/15]
2024-07-04 11:49:25,939 [ERROR] ServerAccessManage:1089 - Problem, file not found on Server
2024-07-04 11:49:26,314 [ERROR] ServerAccessManage:1089 - Problem, file not found on Server
2024-07-04 11:49:27,668 [ERROR] ServerAccessManage:1089 - Problem, file not found on Server
2024-07-04 11:49:28,011 [WARN] MainUpdater:1189 - Updater busy. Cannot search thirdparties
2024-07-04 11:49:28,011 [INFO] ThirdPartyUpdaterWithRetryManager:96 - Updater plugin is busy. [5/15]
2024-07-04 11:49:29,131 [WARN] PopulateThirdPartyThread:106 - Error when creating pack: /home/dnk121/.stm32cubemx/thirdparties/pdsc/STMicroelectronics.X-CUBE-DPOWER.pdsc
2024-07-04 11:49:29,131 [INFO] PopulateThirdPartyThread:66 - Ending populate Thread
2024-07-04 11:49:29,131 [INFO] LoadServerUpdatesThread:373 - End of LoadServerUpdate Thread
2024-07-04 11:49:29,384 [INFO] CheckServerUpdateThread:120 - End of CheckServer Thread
2024-07-04 11:49:31,258 [WARN] PackLoader:240 - Cannot read IP mode file for STMicroelectronics.FP-SNS-MOTENVWB1.1.4.0
2024-07-04 11:49:31,273 [WARN] PackLoader:240 - Cannot read IP mode file for STMicroelectronics.X-CUBE-SMBUS.2.1.0
2024-07-04 11:49:31,279 [WARN] PackLoader:240 - Cannot read IP mode file for STMicroelectronics.X-CUBE-TOUCHGFX.4.23.0
2024-07-04 11:49:31,284 [WARN] PackLoader:240 - Cannot read IP mode file for STMicroelectronics.X-CUBE-TOUCHGFX.4.23.2
2024-07-04 11:49:31,367 [WARN] PackLoader:240 - Cannot read IP mode file for STMicroelectronics.X-CUBE-AZRTOS-F7.1.1.0
2024-07-04 11:49:31,396 [WARN] PackLoader:240 - Cannot read IP mode file for STMicroelectronics.FP-SNS-MOTENV1.4.3.2
2024-07-04 11:49:31,420 [WARN] PackLoader:240 - Cannot read IP mode file for STMicroelectronics.FP-SNS-FLIGHT1.5.0.2
2024-07-04 11:49:31,444 [WARN] PackLoader:240 - Cannot read IP mode file for STMicroelectronics.X-CUBE-DISPLAY.3.0.0
2024-07-04 11:49:31,487 [WARN] PackLoader:240 - Cannot read IP mode file for STMicroelectronics.X-CUBE-BLE1.7.0.0
2024-07-04 11:49:31,498 [WARN] PackLoader:240 - Cannot read IP mode file for emotas.I-CUBE-CANOPEN.1.3.0
2024-07-04 11:49:31,504 [WARN] PackLoader:240 - Cannot read IP mode file for STMicroelectronics.X-CUBE-TOUCHGFX.4.22.1
2024-07-04 11:49:31,534 [WARN] PackLoader:240 - Cannot read IP mode file for STMicroelectronics.X-CUBE-BLEMGR.3.1.0
2024-07-04 11:49:31,551 [WARN] PackLoader:240 - Cannot read IP mode file for STMicroelectronics.FP-SNS-SMARTAG2.1.2.0
2024-07-04 11:49:31,576 [INFO] LogOutputStream:77 - [STDOUT_REDIRECT] 1 : Invalid condition id : UX_CORESTACK_Condition cause : null
2024-07-04 11:49:31,577 [INFO] LogOutputStream:77 - [STDOUT_REDIRECT] 1 : Invalid condition id : UX_CORESTACK_Condition cause : null
2024-07-04 11:49:31,578 [INFO] LogOutputStream:77 - [STDOUT_REDIRECT] 1 : Invalid condition id : UX_CORESTACK_Condition cause : null
2024-07-04 11:49:31,580 [INFO] LogOutputStream:77 - [STDOUT_REDIRECT] 1 : Invalid condition id : UX_CORESTACK_Condition cause : null
2024-07-04 11:49:31,582 [INFO] LogOutputStream:77 - [STDOUT_REDIRECT] 1 : Invalid condition id : UX_CORESTACK_Condition cause : null
2024-07-04 11:49:31,596 [WARN] PackLoader:240 - Cannot read IP mode file for STMicroelectronics.X-CUBE-AZRTOS-WL.2.0.0
2024-07-04 11:49:31,608 [WARN] PackLoader:240 - Cannot read IP mode file for STMicroelectronics.FP-SNS-MOTENV1.5.0.0
2024-07-04 11:49:31,617 [WARN] PackLoader:240 - Cannot read IP mode file for wolfSSL.I-CUBE-wolfMQTT.1.19.0
2024-07-04 11:49:31,631 [WARN] PackLoader:240 - Cannot read IP mode file for WES.I-CUBE-Cesium.1.3.0
2024-07-04 11:49:31,640 [WARN] PackLoader:240 - Cannot read IP mode file for STMicroelectronics.X-CUBE-BLE2.3.3.0
2024-07-04 11:49:31,651 [WARN] PackLoader:240 - Cannot read IP mode file for STMicroelectronics.X-CUBE-TCPP.4.1.0
2024-07-04 11:49:31,674 [WARN] PackLoader:240 - Cannot read IP mode file for STMicroelectronics.X-CUBE-ALGOBUILD.1.3.0
2024-07-04 11:49:31,718 [WARN] PackLoader:240 - Cannot read IP mode file for STMicroelectronics.X-CUBE-AZRTOS-G0.1.1.0
2024-07-04 11:49:31,739 [WARN] PackLoader:240 - Cannot read IP mode file for STMicroelectronics.X-CUBE-SAFEA1.1.2.2
2024-07-04 11:49:31,754 [WARN] PackLoader:240 - Cannot read IP mode file for STMicroelectronics.X-CUBE-NFC4.3.0.0
2024-07-04 11:49:31,763 [WARN] PackLoader:240 - Cannot read IP mode file for wolfSSL.I-CUBE-wolfMQTT.1.18.0
2024-07-04 11:49:31,786 [WARN] PackLoader:240 - Cannot read IP mode file for STMicroelectronics.X-CUBE-BLEMGR.3.0.0
2024-07-04 11:49:31,799 [WARN] PackLoader:240 - Cannot read IP mode file for STMicroelectronics.FP-ATR-SIGFOX1.3.2.0
2024-07-04 11:49:31,815 [WARN] PackLoader:240 - Cannot read IP mode file for STMicroelectronics.X-CUBE-EEPRMA1.5.1.0
2024-07-04 11:49:31,924 [WARN] PackLoader:240 - Cannot read IP mode file for SEGGER.I-CUBE-embOS.1.3.1
2024-07-04 11:49:32,085 [WARN] PackLoader:240 - Cannot read IP mode file for STMicroelectronics.X-CUBE-ALGOBUILD.1.4.0
2024-07-04 11:49:32,138 [WARN] PackLoader:240 - Cannot read IP mode file for STMicroelectronics.X-CUBE-GNSS1.6.0.0
2024-07-04 11:49:32,211 [WARN] PackLoader:240 - Cannot read IP mode file for STMicroelectronics.X-CUBE-AZRTOS-F4.1.1.0
2024-07-04 11:49:32,224 [WARN] PackLoader:240 - Cannot read IP mode file for wolfSSL.I-CUBE-wolfSSL.5.6.3
2024-07-04 11:49:32,241 [WARN] PackLoader:240 - Cannot read IP mode file for STMicroelectronics.X-CUBE-FREERTOS.1.2.0
2024-07-04 11:49:32,354 [WARN] PackLoader:240 - Cannot read IP mode file for STMicroelectronics.X-CUBE-AZRTOS-L5.2.0.0
2024-07-04 11:49:32,557 [WARN] PackLoader:240 - Cannot read IP mode file for STMicroelectronics.X-CUBE-MEMS1.9.6.0
2024-07-04 11:49:32,961 [WARN] PackLoader:240 - Cannot read IP mode file for STMicroelectronics.X-CUBE-EEPRMA1.4.2.0
